[0513/115523.059:ERROR:file_io.cc(134)] WriteFile: Le canal de communication est sur le point d’être fermé. (0xE8)
[0514/232803.373:ERROR:process_memory_win.cc(73)] ReadMemory at 0x21ca4e9cce0 of 72 bytes failed: Seule une partie d’une requête ReadProcessMemory ou WriteProcessMemory a été effectuée. (0x12B)
[0514/232803.657:WARNING:pe_image_annotations_reader.cc(134)] could not read annotations list object in C:\Program Files (x86)\Google\Chrome\Application\81.0.4044.129\chrome_elf.dll
[0514/232803.660:ERROR:process_memory_win.cc(73)] ReadMemory at 0x21ca5498650 of 72 bytes failed: Seule une partie d’une requête ReadProcessMemory ou WriteProcessMemory a été effectuée. (0x12B)
[0514/232803.660:WARNING:pe_image_annotations_reader.cc(134)] could not read annotations list object in C:\Program Files (x86)\Google\Chrome\Application\81.0.4044.129\chrome.dll
[0514/232803.711:ERROR:process_memory_win.cc(73)] ReadMemory at 0x21ca4e9cce0 of 72 bytes failed: Seule une partie d’une requête ReadProcessMemory ou WriteProcessMemory a été effectuée. (0x12B)
[0514/232803.711:WARNING:pe_image_annotations_reader.cc(134)] could not read annotations list object in C:\Program Files (x86)\Google\Chrome\Application\81.0.4044.129\chrome_elf.dll
[0514/232803.712:ERROR:process_memory_win.cc(73)] ReadMemory at 0x21ca5498650 of 72 bytes failed: Seule une partie d’une requête ReadProcessMemory ou WriteProcessMemory a été effectuée. (0x12B)
[0514/232803.713:WARNING:pe_image_annotations_reader.cc(134)] could not read annotations list object in C:\Program Files (x86)\Google\Chrome\Application\81.0.4044.129\chrome.dll
[0514/232803.832:ERROR:process_memory_win.cc(73)] ReadMemory at 0x3ec33e7000 of 102400 bytes failed: Seule une partie d’une requête ReadProcessMemory ou WriteProcessMemory a été effectuée. (0x12B)
[0514/232803.833:ERROR:process_memory_win.cc(73)] ReadMemory at 0x3ec3bfd000 of 12288 bytes failed: Seule une partie d’une requête ReadProcessMemory ou WriteProcessMemory a été effectuée. (0x12B)
[0514/232803.833:ERROR:process_memory_win.cc(73)] ReadMemory at 0x3ec4bfc000 of 16384 bytes failed: Seule une partie d’une requête ReadProcessMemory ou WriteProcessMemory a été effectuée. (0x12B)
[0514/232803.833:ERROR:process_memory_win.cc(73)] ReadMemory at 0x3ec53fb000 of 20480 bytes failed: Seule une partie d’une requête ReadProcessMemory ou WriteProcessMemory a été effectuée. (0x12B)
[0514/232803.833:ERROR:process_memory_win.cc(73)] ReadMemory at 0x3ec5bfe000 of 8192 bytes failed: Seule une partie d’une requête ReadProcessMemory ou WriteProcessMemory a été effectuée. (0x12B)
[0514/232803.833:ERROR:process_memory_win.cc(73)] ReadMemory at 0x3ec63fd000 of 12288 bytes failed: Seule une partie d’une requête ReadProcessMemory ou WriteProcessMemory a été effectuée. (0x12B)
[0514/232803.833:ERROR:process_memory_win.cc(73)] ReadMemory at 0x3ec6bfb000 of 20480 bytes failed: Seule une partie d’une requête ReadProcessMemory ou WriteProcessMemory a été effectuée. (0x12B)
[0514/232803.834:ERROR:process_memory_win.cc(73)] ReadMemory at 0x3ec7bfd000 of 12288 bytes failed: Seule une partie d’une requête ReadProcessMemory ou WriteProcessMemory a été effectuée. (0x12B)
[0514/232803.834:ERROR:process_memory_win.cc(73)] ReadMemory at 0x3ec83f5000 of 45056 bytes failed: Seule une partie d’une requête ReadProcessMemory ou WriteProcessMemory a été effectuée. (0x12B)
[0514/232803.834:ERROR:process_memory_win.cc(73)] ReadMemory at 0x3ec8bf6000 of 40960 bytes failed: Seule une partie d’une requête ReadProcessMemory ou WriteProcessMemory a été effectuée. (0x12B)
[0514/232803.834:ERROR:process_memory_win.cc(73)] ReadMemory at 0x3ec93fc000 of 16384 bytes failed: Seule une partie d’une requête ReadProcessMemory ou WriteProcessMemory a été effectuée. (0x12B)
[0514/232803.834:ERROR:process_memory_win.cc(73)] ReadMemory at 0x3ec73fd000 of 12288 bytes failed: Seule une partie d’une requête ReadProcessMemory ou WriteProcessMemory a été effectuée. (0x12B)
[0514/232803.834:ERROR:process_memory_win.cc(73)] ReadMemory at 0x3ec43fd000 of 12288 bytes failed: Seule une partie d’une requête ReadProcessMemory ou WriteProcessMemory a été effectuée. (0x12B)
[0514/232803.908:ERROR:process_memory_win.cc(73)] ReadMemory at 0x3ec9bfe000 of 8192 bytes failed: Seule une partie d’une requête ReadProcessMemory ou WriteProcessMemory a été effectuée. (0x12B)
[0514/232803.908:ERROR:process_memory_win.cc(73)] ReadMemory at 0x3ec2aba000 of 852 bytes failed: Seule une partie d’une requête ReadProcessMemory ou WriteProcessMemory a été effectuée. (0x12B)
[0514/232803.908:ERROR:process_memory_win.cc(73)] ReadMemory at 0x3ec2abb000 of 6024 bytes failed: Seule une partie d’une requête ReadProcessMemory ou WriteProcessMemory a été effectuée. (0x12B)
[0514/232803.908:ERROR:process_memory_win.cc(73)] ReadMemory at 0x3ec2abd000 of 6024 bytes failed: Seule une partie d’une requête ReadProcessMemory ou WriteProcessMemory a été effectuée. (0x12B)
[0514/232803.908:ERROR:process_memory_win.cc(73)] ReadMemory at 0x3ec2ac1000 of 6024 bytes failed: Seule une partie d’une requête ReadProcessMemory ou WriteProcessMemory a été effectuée. (0x12B)
[0514/232803.909:ERROR:process_memory_win.cc(73)] ReadMemory at 0x3ec2ac3000 of 6024 bytes failed: Seule une partie d’une requête ReadProcessMemory ou WriteProcessMemory a été effectuée. (0x12B)
[0514/232803.909:ERROR:process_memory_win.cc(73)] ReadMemory at 0x3ec2ac5000 of 6024 bytes failed: Seule une partie d’une requête ReadProcessMemory ou WriteProcessMemory a été effectuée. (0x12B)
[0514/232803.909:ERROR:process_memory_win.cc(73)] ReadMemory at 0x3ec2ac7000 of 6024 bytes failed: Seule une partie d’une requête ReadProcessMemory ou WriteProcessMemory a été effectuée. (0x12B)
[0514/232803.909:ERROR:process_memory_win.cc(73)] ReadMemory at 0x3ec2ac9000 of 6024 bytes failed: Seule une partie d’une requête ReadProcessMemory ou WriteProcessMemory a été effectuée. (0x12B)
[0514/232803.909:ERROR:process_memory_win.cc(73)] ReadMemory at 0x3ec2acd000 of 6024 bytes failed: Seule une partie d’une requête ReadProcessMemory ou WriteProcessMemory a été effectuée. (0x12B)
[0514/232803.909:ERROR:process_memory_win.cc(73)] ReadMemory at 0x3ec2acf000 of 6024 bytes failed: Seule une partie d’une requête ReadProcessMemory ou WriteProcessMemory a été effectuée. (0x12B)
[0514/232803.909:ERROR:process_memory_win.cc(73)] ReadMemory at 0x3ec2ad1000 of 6024 bytes failed: Seule une partie d’une requête ReadProcessMemory ou WriteProcessMemory a été effectuée. (0x12B)
[0514/232803.909:ERROR:process_memory_win.cc(73)] ReadMemory at 0x3ec2ad3000 of 6024 bytes failed: Seule une partie d’une requête ReadProcessMemory ou WriteProcessMemory a été effectuée. (0x12B)
[0514/232803.909:ERROR:process_memory_win.cc(73)] ReadMemory at 0x3ec2adb000 of 6024 bytes failed: Seule une partie d’une requête ReadProcessMemory ou WriteProcessMemory a été effectuée. (0x12B)
[0514/232803.909:ERROR:process_memory_win.cc(73)] ReadMemory at 0x3ec2aff000 of 6024 bytes failed: Seule une partie d’une requête ReadProcessMemory ou WriteProcessMemory a été effectuée. (0x12B)
[0514/232803.909:ERROR:process_memory_win.cc(73)] ReadMemory at 0x3ec2b01000 of 6024 bytes failed: Seule une partie d’une requête ReadProcessMemory ou WriteProcessMemory a été effectuée. (0x12B)
[0514/232803.910:ERROR:process_memory_win.cc(73)] ReadMemory at 0x21ca4c20750 of 80 bytes failed: Seule une partie d’une requête ReadProcessMemory ou WriteProcessMemory a été effectuée. (0x12B)
[0514/232803.910:ERROR:process_memory_win.cc(73)] ReadMemory at 0x21ca4c20fe0 of 18516 bytes failed: Seule une partie d’une requête ReadProcessMemory ou WriteProcessMemory a été effectuée. (0x12B)
[0514/232803.910:ERROR:process_memory_win.cc(73)] ReadMemory at 0x21ca4c25840 of 1012 bytes failed: Seule une partie d’une requête ReadProcessMemory ou WriteProcessMemory a été effectuée. (0x12B)
[0514/232803.910:ERROR:process_memory_win.cc(73)] ReadMemory at 0x21ca4c25e88 of 118 bytes failed: Seule une partie d’une requête ReadProcessMemory ou WriteProcessMemory a été effectuée. (0x12B)
[0514/232803.910:ERROR:process_memory_win.cc(73)] ReadMemory at 0x21ca4c25f00 of 744 bytes failed: Seule une partie d’une requête ReadProcessMemory ou WriteProcessMemory a été effectuée. (0x12B)
[0514/232803.910:ERROR:process_memory_win.cc(73)] ReadMemory at 0x21ca4c261ea of 118 bytes failed: Seule une partie d’une requête ReadProcessMemory ou WriteProcessMemory a été effectuée. (0x12B)
[0514/232803.910:ERROR:process_memory_win.cc(73)] ReadMemory at 0x21ca4c26262 of 100 bytes failed: Seule une partie d’une requête ReadProcessMemory ou WriteProcessMemory a été effectuée. (0x12B)
[0514/232803.910:ERROR:process_memory_win.cc(73)] ReadMemory at 0x21ca4c262e0 of 58 bytes failed: Seule une partie d’une requête ReadProcessMemory ou WriteProcessMemory a été effectuée. (0x12B)
[0514/232803.910:ERROR:process_memory_win.cc(73)] ReadMemory at 0x21ca4c263e0 of 132 bytes failed: Seule une partie d’une requête ReadProcessMemory ou WriteProcessMemory a été effectuée. (0x12B)
[0514/232803.910:ERROR:process_memory_win.cc(73)] ReadMemory at 0x21ca4c26570 of 132 bytes failed: Seule une partie d’une requête ReadProcessMemory ou WriteProcessMemory a été effectuée. (0x12B)
[0514/232803.911:ERROR:process_memory_win.cc(73)] ReadMemory at 0x21ca4c26730 of 126 bytes failed: Seule une partie d’une requête ReadProcessMemory ou WriteProcessMemory a été effectuée. (0x12B)
[0514/232803.911:ERROR:process_memory_win.cc(73)] ReadMemory at 0x21ca4c26b10 of 132 bytes failed: Seule une partie d’une requête ReadProcessMemory ou WriteProcessMemory a été effectuée. (0x12B)
[0514/232803.911:ERROR:process_memory_win.cc(73)] ReadMemory at 0x21ca4c26ca0 of 64 bytes failed: Seule une partie d’une requête ReadProcessMemory ou WriteProcessMemory a été effectuée. (0x12B)
[0514/232803.911:ERROR:process_memory_win.cc(73)] ReadMemory at 0x21ca4c26e60 of 132 bytes failed: Seule une partie d’une requête ReadProcessMemory ou WriteProcessMemory a été effectuée. (0x12B)
[0514/232803.911:ERROR:process_memory_win.cc(73)] ReadMemory at 0x21ca4c27100 of 132 bytes failed: Seule une partie d’une requête ReadProcessMemory ou WriteProcessMemory a été effectuée. (0x12B)
[0514/232803.911:ERROR:process_memory_win.cc(73)] ReadMemory at 0x21ca4c27290 of 68 bytes failed: Seule une partie d’une requête ReadProcessMemory ou WriteProcessMemory a été effectuée. (0x12B)
[0514/232803.911:ERROR:process_memory_win.cc(73)] ReadMemory at 0x21ca4c28350 of 132 bytes failed: Seule une partie d’une requête ReadProcessMemory ou WriteProcessMemory a été effectuée. (0x12B)
[0514/232803.911:ERROR:process_memory_win.cc(73)] ReadMemory at 0x21ca4c284e0 of 154 bytes failed: Seule une partie d’une requête ReadProcessMemory ou WriteProcessMemory a été effectuée. (0x12B)
[0514/232803.911:ERROR:process_memory_win.cc(73)] ReadMemory at 0x21ca4c292f0 of 62 bytes failed: Seule une partie d’une requête ReadProcessMemory ou WriteProcessMemory a été effectuée. (0x12B)
[0514/232803.911:ERROR:process_memory_win.cc(73)] ReadMemory at 0x21ca4c29450 of 132 bytes failed: Seule une partie d’une requête ReadProcessMemory ou WriteProcessMemory a été effectuée. (0x12B)
[0514/232803.911:ERROR:process_memory_win.cc(73)] ReadMemory at 0x21ca4c295e0 of 60 bytes failed: Seule une partie d’une requête ReadProcessMemory ou WriteProcessMemory a été effectuée. (0x12B)
[0514/232803.911:ERROR:process_memory_win.cc(73)] ReadMemory at 0x21ca4c29800 of 132 bytes failed: Seule une partie d’une requête ReadProcessMemory ou WriteProcessMemory a été effectuée. (0x12B)
[0514/232803.912:ERROR:process_memory_win.cc(73)] ReadMemory at 0x21ca4c2af90 of 132 bytes failed: Seule une partie d’une requête ReadProcessMemory ou WriteProcessMemory a été effectuée. (0x12B)
[0514/232803.912:ERROR:process_memory_win.cc(73)] ReadMemory at 0x21ca4c2bba0 of 132 bytes failed: Seule une partie d’une requête ReadProcessMemory ou WriteProcessMemory a été effectuée. (0x12B)
[0514/232803.912:ERROR:process_memory_win.cc(73)] ReadMemory at 0x21ca4c2eb40 of 64 bytes failed: Seule une partie d’une requête ReadProcessMemory ou WriteProcessMemory a été effectuée. (0x12B)
[0514/232803.912:ERROR:process_memory_win.cc(73)] ReadMemory at 0x21ca4c2ed70 of 62 bytes failed: Seule une partie d’une requête ReadProcessMemory ou WriteProcessMemory a été effectuée. (0x12B)
[0514/232803.912:ERROR:process_memory_win.cc(73)] ReadMemory at 0x21ca4c2ee60 of 60 bytes failed: Seule une partie d’une requête ReadProcessMemory ou WriteProcessMemory a été effectuée. (0x12B)
[0514/232803.912:ERROR:process_memory_win.cc(73)] ReadMemory at 0x21ca4c2eeb0 of 64 bytes failed: Seule une partie d’une requête ReadProcessMemory ou WriteProcessMemory a été effectuée. (0x12B)
[0514/232803.912:ERROR:process_memory_win.cc(73)] ReadMemory at 0x21ca4c2ef50 of 62 bytes failed: Seule une partie d’une requête ReadProcessMemory ou WriteProcessMemory a été effectuée. (0x12B)
[0514/232803.912:ERROR:process_memory_win.cc(73)] ReadMemory at 0x21ca4c2eff0 of 64 bytes failed: Seule une partie d’une requête ReadProcessMemory ou WriteProcessMemory a été effectuée. (0x12B)
[0514/232803.912:ERROR:process_memory_win.cc(73)] ReadMemory at 0x21ca4c2f090 of 64 bytes failed: Seule une partie d’une requête ReadProcessMemory ou WriteProcessMemory a été effectuée. (0x12B)
[0514/232803.912:ERROR:process_memory_win.cc(73)] ReadMemory at 0x21ca4c2f130 of 66 bytes failed: Seule une partie d’une requête ReadProcessMemory ou WriteProcessMemory a été effectuée. (0x12B)
[0514/232803.912:ERROR:process_memory_win.cc(73)] ReadMemory at 0x21ca4c2f180 of 60 bytes failed: Seule une partie d’une requête ReadProcessMemory ou WriteProcessMemory a été effectuée. (0x12B)
[0514/232803.912:ERROR:process_memory_win.cc(73)] ReadMemory at 0x21ca4c2f2b0 of 132 bytes failed: Seule une partie d’une requête ReadProcessMemory ou WriteProcessMemory a été effectuée. (0x12B)
[0514/232803.912:ERROR:process_memory_win.cc(73)] ReadMemory at 0x21ca4c2f3e0 of 132 bytes failed: Seule une partie d’une requête ReadProcessMemory ou WriteProcessMemory a été effectuée. (0x12B)
[0514/232803.912:ERROR:process_memory_win.cc(73)] ReadMemory at 0x21ca4c2f510 of 132 bytes failed: Seule une partie d’une requête ReadProcessMemory ou WriteProcessMemory a été effectuée. (0x12B)
[0514/232803.913:ERROR:process_memory_win.cc(73)] ReadMemory at 0x21ca4c2f640 of 132 bytes failed: Seule une partie d’une requête ReadProcessMemory ou WriteProcessMemory a été effectuée. (0x12B)
[0514/232803.913:ERROR:process_memory_win.cc(73)] ReadMemory at 0x21ca4c2f770 of 132 bytes failed: Seule une partie d’une requête ReadProcessMemory ou WriteProcessMemory a été effectuée. (0x12B)
[0514/232803.913:ERROR:process_memory_win.cc(73)] ReadMemory at 0x21ca4c2f8a0 of 132 bytes failed: Seule une partie d’une requête ReadProcessMemory ou WriteProcessMemory a été effectuée. (0x12B)
[0514/232803.913:ERROR:process_memory_win.cc(73)] ReadMemory at 0x21ca4c2f9d0 of 132 bytes failed: Seule une partie d’une requête ReadProcessMemory ou WriteProcessMemory a été effectuée. (0x12B)
[0514/232803.913:ERROR:process_memory_win.cc(73)] ReadMemory at 0x21ca4c2fb00 of 132 bytes failed: Seule une partie d’une requête ReadProcessMemory ou WriteProcessMemory a été effectuée. (0x12B)
[0514/232803.913:ERROR:process_memory_win.cc(73)] ReadMemory at 0x21ca4c2fc30 of 132 bytes failed: Seule une partie d’une requête ReadProcessMemory ou WriteProcessMemory a été effectuée. (0x12B)
[0514/232803.913:ERROR:process_memory_win.cc(73)] ReadMemory at 0x21ca4c2fd60 of 132 bytes failed: Seule une partie d’une requête ReadProcessMemory ou WriteProcessMemory a été effectuée. (0x12B)
[0514/232803.913:ERROR:process_memory_win.cc(73)] ReadMemory at 0x21ca4c2fe90 of 132 bytes failed: Seule une partie d’une requête ReadProcessMemory ou WriteProcessMemory a été effectuée. (0x12B)
[0514/232803.913:ERROR:process_memory_win.cc(73)] ReadMemory at 0x21ca4c2ffc0 of 132 bytes failed: Seule une partie d’une requête ReadProcessMemory ou WriteProcessMemory a été effectuée. (0x12B)
[0514/232803.913:ERROR:process_memory_win.cc(73)] ReadMemory at 0x21ca4c30c70 of 512 bytes failed: Seule une partie d’une requête ReadProcessMemory ou WriteProcessMemory a été effectuée. (0x12B)
[0514/232803.913:ERROR:process_memory_win.cc(73)] ReadMemory at 0x21ca4c32db0 of 54 bytes failed: Seule une partie d’une requête ReadProcessMemory ou WriteProcessMemory a été effectuée. (0x12B)
[0514/232804.108:ERROR:process_memory_win.cc(73)] ReadMemory at 0x21ca4c338b0 of 132 bytes failed: Seule une partie d’une requête ReadProcessMemory ou WriteProcessMemory a été effectuée. (0x12B)
[0514/232804.132:ERROR:process_memory_win.cc(73)] ReadMemory at 0x21ca4c33c10 of 132 bytes failed: Seule une partie d’une requête ReadProcessMemory ou WriteProcessMemory a été effectuée. (0x12B)
[0514/232804.133:ERROR:process_memory_win.cc(73)] ReadMemory at 0x21ca4c34800 of 132 bytes failed: Seule une partie d’une requête ReadProcessMemory ou WriteProcessMemory a été effectuée. (0x12B)
[0514/232804.133:ERROR:process_memory_win.cc(73)] ReadMemory at 0x21ca4c36b90 of 80 bytes failed: Seule une partie d’une requête ReadProcessMemory ou WriteProcessMemory a été effectuée. (0x12B)
[0514/232804.133:ERROR:process_memory_win.cc(73)] ReadMemory at 0x21ca4c36bf0 of 76 bytes failed: Seule une partie d’une requête ReadProcessMemory ou WriteProcessMemory a été effectuée. (0x12B)
[0514/232804.133:ERROR:process_memory_win.cc(73)] ReadMemory at 0x21ca4c372e0 of 64 bytes failed: Seule une partie d’une requête ReadProcessMemory ou WriteProcessMemory a été effectuée. (0x12B)
[0514/232804.134:ERROR:process_memory_win.cc(73)] ReadMemory at 0x21ca4c37330 of 60 bytes failed: Seule une partie d’une requête ReadProcessMemory ou WriteProcessMemory a été effectuée. (0x12B)
[0514/232804.134:ERROR:process_memory_win.cc(73)] ReadMemory at 0x21ca4c37420 of 62 bytes failed: Seule une partie d’une requête ReadProcessMemory ou WriteProcessMemory a été effectuée. (0x12B)
[0514/232804.134:ERROR:process_memory_win.cc(73)] ReadMemory at 0x21ca4c37470 of 58 bytes failed: Seule une partie d’une requête ReadProcessMemory ou WriteProcessMemory a été effectuée. (0x12B)
[0514/232804.134:ERROR:process_memory_win.cc(73)] ReadMemory at 0x21ca4c37650 of 64 bytes failed: Seule une partie d’une requête ReadProcessMemory ou WriteProcessMemory a été effectuée. (0x12B)
[0514/232804.135:ERROR:process_memory_win.cc(73)] ReadMemory at 0x21ca4c376f0 of 62 bytes failed: Seule une partie d’une requête ReadProcessMemory ou WriteProcessMemory a été effectuée. (0x12B)
[0514/232804.135:ERROR:process_memory_win.cc(73)] ReadMemory at 0x21ca4c37880 of 60 bytes failed: Seule une partie d’une requête ReadProcessMemory ou WriteProcessMemory a été effectuée. (0x12B)
[0514/232804.135:ERROR:process_memory_win.cc(73)] ReadMemory at 0x21ca4c378d0 of 60 bytes failed: Seule une partie d’une requête ReadProcessMemory ou WriteProcessMemory a été effectuée. (0x12B)
[0514/232804.135:ERROR:process_memory_win.cc(73)] ReadMemory at 0x21ca4c37920 of 64 bytes failed: Seule une partie d’une requête ReadProcessMemory ou WriteProcessMemory a été effectuée. (0x12B)
[0514/232804.136:ERROR:process_memory_win.cc(73)] ReadMemory at 0x21ca4c37970 of 66 bytes failed: Seule une partie d’une requête ReadProcessMemory ou WriteProcessMemory a été effectuée. (0x12B)
[0514/232804.136:ERROR:process_memory_win.cc(73)] ReadMemory at 0x21ca4c37b00 of 62 bytes failed: Seule une partie d’une requête ReadProcessMemory ou WriteProcessMemory a été effectuée. (0x12B)
[0514/232804.136:ERROR:process_memory_win.cc(73)] ReadMemory at 0x21ca4c37b50 of 64 bytes failed: Seule une partie d’une requête ReadProcessMemory ou WriteProcessMemory a été effectuée. (0x12B)
[0514/232804.137:ERROR:process_memory_win.cc(73)] ReadMemory at 0x21ca4c37ba0 of 60 bytes failed: Seule une partie d’une requête ReadProcessMemory ou WriteProcessMemory a été effectuée. (0x12B)
[0514/232804.137:ERROR:process_memory_win.cc(73)] ReadMemory at 0x21ca4c37bf0 of 62 bytes failed: Seule une partie d’une requête ReadProcessMemory ou WriteProcessMemory a été effectuée. (0x12B)
[0514/232804.137:ERROR:process_memory_win.cc(73)] ReadMemory at 0x21ca4c37c90 of 62 bytes failed: Seule une partie d’une requête ReadProcessMemory ou WriteProcessMemory a été effectuée. (0x12B)
[0514/232804.137:ERROR:process_memory_win.cc(73)] ReadMemory at 0x21ca4c37d30 of 62 bytes failed: Seule une partie d’une requête ReadProcessMemory ou WriteProcessMemory a été effectuée. (0x12B)
[0514/232804.138:ERROR:process_memory_win.cc(73)] ReadMemory at 0x21ca4c37e20 of 62 bytes failed: Seule une partie d’une requête ReadProcessMemory ou WriteProcessMemory a été effectuée. (0x12B)
[0514/232804.138:ERROR:process_memory_win.cc(73)] ReadMemory at 0x21ca4c37f10 of 62 bytes failed: Seule une partie d’une requête ReadProcessMemory ou WriteProcessMemory a été effectuée. (0x12B)
[0514/232804.138:ERROR:process_memory_win.cc(73)] ReadMemory at 0x21ca4c38d70 of 132 bytes failed: Seule une partie d’une requête ReadProcessMemory ou WriteProcessMemory a été effectuée. (0x12B)
[0514/232804.139:ERROR:process_memory_win.cc(73)] ReadMemory at 0x21ca4c39e00 of 132 bytes failed: Seule une partie d’une requête ReadProcessMemory ou WriteProcessMemory a été effectuée. (0x12B)
[0514/232804.139:ERROR:process_memory_win.cc(73)] ReadMemory at 0x21ca4c39f30 of 146 bytes failed: Seule une partie d’une requête ReadProcessMemory ou WriteProcessMemory a été effectuée. (0x12B)
[0514/232804.139:ERROR:process_memory_win.cc(73)] ReadMemory at 0x21ca4c3bc00 of 132 bytes failed: Seule une partie d’une requête ReadProcessMemory ou WriteProcessMemory a été effectuée. (0x12B)
[0514/232804.140:ERROR:process_memory_win.cc(73)] ReadMemory at 0x21ca4c3bd30 of 132 bytes failed: Seule une partie d’une requête ReadProcessMemory ou WriteProcessMemory a été effectuée. (0x12B)
[0514/232804.140:ERROR:process_memory_win.cc(73)] ReadMemory at 0x21ca4c3c0d0 of 132 bytes failed: Seule une partie d’une requête ReadProcessMemory ou WriteProcessMemory a été effectuée. (0x12B)
[0514/232804.140:ERROR:process_memory_win.cc(73)] ReadMemory at 0x21ca4c3c200 of 132 bytes failed: Seule une partie d’une requête ReadProcessMemory ou WriteProcessMemory a été effectuée. (0x12B)
[0514/232804.140:ERROR:process_memory_win.cc(73)] ReadMemory at 0x21ca4c3c6c0 of 132 bytes failed: Seule une partie d’une requête ReadProcessMemory ou WriteProcessMemory a été effectuée. (0x12B)
[0514/232804.141:ERROR:process_memory_win.cc(73)] ReadMemory at 0x21ca4c3ca50 of 132 bytes failed: Seule une partie d’une requête ReadProcessMemory ou WriteProcessMemory a été effectuée. (0x12B)
[0514/232804.141:ERROR:process_memory_win.cc(73)] ReadMemory at 0x21ca4c3cf10 of 132 bytes failed: Seule une partie d’une requête ReadProcessMemory ou WriteProcessMemory a été effectuée. (0x12B)
[0514/232804.141:ERROR:process_memory_win.cc(73)] ReadMemory at 0x21ca4c3d040 of 132 bytes failed: Seule une partie d’une requête ReadProcessMemory ou WriteProcessMemory a été effectuée. (0x12B)
[0514/232804.141:ERROR:process_memory_win.cc(73)] ReadMemory at 0x21ca4c3d170 of 132 bytes failed: Seule une partie d’une requête ReadProcessMemory ou WriteProcessMemory a été effectuée. (0x12B)
[0514/232804.142:ERROR:process_memory_win.cc(73)] ReadMemory at 0x21ca4c3d2a0 of 132 bytes failed: Seule une partie d’une requête ReadProcessMemory ou WriteProcessMemory a été effectuée. (0x12B)
[0514/232804.142:ERROR:process_memory_win.cc(73)] ReadMemory at 0x21ca4c3d500 of 132 bytes failed: Seule une partie d’une requête ReadProcessMemory ou WriteProcessMemory a été effectuée. (0x12B)
[0514/232804.143:ERROR:process_memory_win.cc(73)] ReadMemory at 0x21ca4c3daf0 of 132 bytes failed: Seule une partie d’une requête ReadProcessMemory ou WriteProcessMemory a été effectuée. (0x12B)
[0514/232804.143:ERROR:process_memory_win.cc(73)] ReadMemory at 0x21ca4c54950 of 512 bytes failed: Seule une partie d’une requête ReadProcessMemory ou WriteProcessMemory a été effectuée. (0x12B)
[0514/232804.144:ERROR:process_memory_win.cc(73)] ReadMemory at 0x21ca54d2318 of 512 bytes failed: Seule une partie d’une requête ReadProcessMemory ou WriteProcessMemory a été effectuée. (0x12B)
[0514/232804.144:ERROR:process_memory_win.cc(73)] ReadMemory at 0x21ca54d4110 of 512 bytes failed: Seule une partie d’une requête ReadProcessMemory ou WriteProcessMemory a été effectuée. (0x12B)
[0514/232804.146:ERROR:process_memory_win.cc(73)] ReadMemory at 0x21ca54d4f00 of 512 bytes failed: Seule une partie d’une requête ReadProcessMemory ou WriteProcessMemory a été effectuée. (0x12B)
[0514/232804.146:ERROR:process_memory_win.cc(73)] ReadMemory at 0x21ca54eacd0 of 712 bytes failed: Seule une partie d’une requête ReadProcessMemory ou WriteProcessMemory a été effectuée. (0x12B)
[0514/232804.146:ERROR:process_memory_win.cc(73)] ReadMemory at 0x21ca55f0000 of 384 bytes failed: Seule une partie d’une requête ReadProcessMemory ou WriteProcessMemory a été effectuée. (0x12B)
[0514/232804.147:ERROR:process_memory_win.cc(73)] ReadMemory at 0x21ca6b5d650 of 512 bytes failed: Seule une partie d’une requête ReadProcessMemory ou WriteProcessMemory a été effectuée. (0x12B)
[0514/232804.147:ERROR:process_memory_win.cc(73)] ReadMemory at 0x21ca6bb49c0 of 512 bytes failed: Seule une partie d’une requête ReadProcessMemory ou WriteProcessMemory a été effectuée. (0x12B)
[0514/232804.148:ERROR:process_memory_win.cc(73)] ReadMemory at 0x21ca7012c00 of 512 bytes failed: Seule une partie d’une requête ReadProcessMemory ou WriteProcessMemory a été effectuée. (0x12B)
[0514/232804.148:ERROR:process_memory_win.cc(73)] ReadMemory at 0x21ca7c06a30 of 512 bytes failed: Seule une partie d’une requête ReadProcessMemory ou WriteProcessMemory a été effectuée. (0x12B)
[0514/232804.148:ERROR:process_memory_win.cc(73)] ReadMemory at 0x21caa2b4e40 of 512 bytes failed: Seule une partie d’une requête ReadProcessMemory ou WriteProcessMemory a été effectuée. (0x12B)
[0514/232804.149:ERROR:process_memory_win.cc(73)] ReadMemory at 0x21cae2726a0 of 512 bytes failed: Seule une partie d’une requête ReadProcessMemory ou WriteProcessMemory a été effectuée. (0x12B)
[0514/232804.149:ERROR:process_memory_win.cc(73)] ReadMemory at 0x21cb0996d70 of 512 bytes failed: Seule une partie d’une requête ReadProcessMemory ou WriteProcessMemory a été effectuée. (0x12B)
[0514/232804.149:ERROR:process_memory_win.cc(73)] ReadMemory at 0x21cb0da4b70 of 528 bytes failed: Seule une partie d’une requête ReadProcessMemory ou WriteProcessMemory a été effectuée. (0x12B)
[0514/232804.199:ERROR:scoped_process_suspend.cc(40)] NtResumeProcess: Tentative d’accès à un processus en cours d’arrêt. (0xc000010a)
[0713/220002.584:ERROR:process_reader_win.cc(123)] NtOpenThread: {Accès refusé} Un processus a demandé l’accès a un objet, mais il ne bénéficie pas des autorisations nécessaires. (0xc0000022)
[0713/220002.584:ERROR:process_reader_win.cc(123)] NtOpenThread: {Accès refusé} Un processus a demandé l’accès a un objet, mais il ne bénéficie pas des autorisations nécessaires. (0xc0000022)
[0713/220002.584:ERROR:process_reader_win.cc(123)] NtOpenThread: {Accès refusé} Un processus a demandé l’accès a un objet, mais il ne bénéficie pas des autorisations nécessaires. (0xc0000022)
[0713/220003.614:ERROR:exception_snapshot_win.cc(98)] thread ID 13212 not found in process
[0713/220003.614:ERROR:exception_snapshot_win.cc(98)] thread ID 1228 not found in process
[0713/220003.614:ERROR:exception_snapshot_win.cc(98)] thread ID 10428 not found in process
[0713/220003.834:ERROR:scoped_process_suspend.cc(40)] NtResumeProcess: Tentative d’accès à un processus en cours d’arrêt. (0xc000010a)
